<?xml version="1.0" encoding="UTF-8"?>
<testsuite name="com.gorest.studentinfo.UsersCURDTestWithSteps" time="0.2" tests="4" errors="4" skipped="0" failures="0">
  <properties>
[...]
</properties>
  <testcase name="test001" classname="com.gorest.studentinfo.UsersCURDTestWithSteps" time="0.182">
    <error type="java.lang.NullPointerException:">java.lang.NullPointerException: null
	at com.gorest.studentinfo.UsersCURDTestWithSteps.test001(UsersCURDTestWithSteps.java:41)
</error>
    <system-out><![CDATA[Property not found
]]></system-out>
    <system-err><![CDATA[161 [main] INFO net.serenitybdd.core.Serenity - 

-------------------------------------------------------------------------------------
     _______. _______ .______       _______ .__   __.  __  .___________.____    ____ 
    /       ||   ____||   _  \     |   ____||  \ |  | |  | |           |\   \  /   / 
   |   (----`|  |__   |  |_)  |    |  |__   |   \|  | |  | `---|  |----` \   \/   /  
    \   \    |   __|  |      /     |   __|  |  . `  | |  |     |  |       \_    _/   
.----)   |   |  |____ |  |\  \----.|  |____ |  |\   | |  |     |  |         |  |     
|_______/    |_______|| _| `._____||_______||__| \__| |__|     |__|         |__|    
-------------------------------------------------------------------------------------

459 [main] INFO net.serenitybdd.core.Serenity - Test Suite Started: Users CURD test with steps
528 [main] INFO net.serenitybdd.core.Serenity - 
 _____ _____ ____ _____   ____ _____  _    ____ _____ _____ ____  
|_   _| ____/ ___|_   _| / ___|_   _|/ \  |  _ \_   _| ____|  _ \ 
  | | |  _| \___ \ | |   \___ \ | | / _ \ | |_) || | |  _| | | | |
  | | | |___ ___) || |    ___) || |/ ___ \|  _ < | | | |___| |_| |
  |_| |_____|____/ |_|   |____/ |_/_/   \_\_| \_\|_| |_____|____/ 
                                                                  

TEST STARTED: test001
-------------------------------------------------------------------
528 [main] INFO net.serenitybdd.core.Serenity - TEST NUMBER: 1
]]></system-err>
  </testcase>
  <testcase name="test002" classname="com.gorest.studentinfo.UsersCURDTestWithSteps" time="0.01">
    <error message="baseURI cannot be null" type="java.lang.IllegalArgumentException"><![CDATA[java.lang.IllegalArgumentException: baseURI cannot be null
	at io.restassured.internal.assertion.AssertParameter.notNull(AssertParameter.groovy:26)
	at io.restassured.internal.RequestSpecificationImpl.<init>(RequestSpecificationImpl.groovy:132)
	at io.restassured.RestAssured.createTestSpecification(RestAssured.java:1492)
	at io.restassured.RestAssured.given(RestAssured.java:711)
	at net.serenitybdd.rest.SerenityRest.given(SerenityRest.java:211)
	at com.gorest.studentinfo.UsersSteps.getUserInfoByemail(UsersSteps.java:44)
	at com.gorest.studentinfo.UsersCURDTestWithSteps.test002(UsersCURDTestWithSteps.java:52)
]]></error>
    <system-err><![CDATA[675 [main] ERROR net.serenitybdd.core.Serenity - 
           __  _____ _____ ____ _____   _____ _    ___ _     _____ ____  
  _       / / |_   _| ____/ ___|_   _| |  ___/ \  |_ _| |   | ____|  _ \ 
 (_)_____| |    | | |  _| \___ \ | |   | |_ / _ \  | || |   |  _| | | | |
  _|_____| |    | | | |___ ___) || |   |  _/ ___ \ | || |___| |___| |_| |
 (_)     | |    |_| |_____|____/ |_|   |_|/_/   \_\___|_____|_____|____/ 
          \_\                                                            

TEST FAILED WITH ERROR: This will create a new User
---------------------------------------------------------------------
738 [main] ERROR net.serenitybdd.core.Serenity - TEST FAILED AT STEP Creating users with Name : PrimUser99136, email: 31343xyz@gmail.com, gender: male, and status: active
738 [main] ERROR net.serenitybdd.core.Serenity - baseURI cannot be null
740 [main] INFO net.serenitybdd.core.Serenity - 
 _____ _____ ____ _____   ____ _____  _    ____ _____ _____ ____  
|_   _| ____/ ___|_   _| / ___|_   _|/ \  |  _ \_   _| ____|  _ \ 
  | | |  _| \___ \ | |   \___ \ | | / _ \ | |_) || | |  _| | | | |
  | | | |___ ___) || |    ___) || |/ ___ \|  _ < | | | |___| |_| |
  |_| |_____|____/ |_|   |____/ |_/_/   \_\_| \_\|_| |_____|____/ 
                                                                  

TEST STARTED: test002
-------------------------------------------------------------------
740 [main] INFO net.serenitybdd.core.Serenity - TEST NUMBER: 2
]]></system-err>
  </testcase>
  <testcase name="test003" classname="com.gorest.studentinfo.UsersCURDTestWithSteps" time="0.004">
    <error type="java.lang.NullPointerException:">java.lang.NullPointerException: null
	at com.gorest.studentinfo.UsersCURDTestWithSteps.test003(UsersCURDTestWithSteps.java:62)
</error>
    <system-err><![CDATA[752 [main] ERROR net.serenitybdd.core.Serenity - 
           __  _____ _____ ____ _____   _____ _    ___ _     _____ ____  
  _       / / |_   _| ____/ ___|_   _| |  ___/ \  |_ _| |   | ____|  _ \ 
 (_)_____| |    | | |  _| \___ \ | |   | |_ / _ \  | || |   |  _| | | | |
  _|_____| |    | | | |___ ___) || |   |  _/ ___ \ | || |___| |___| |_| |
 (_)     | |    |_| |_____|____/ |_|   |_|/_/   \_\___|_____|_____|____/ 
          \_\                                                            

TEST FAILED WITH ERROR: Verify if the User was added to the application
---------------------------------------------------------------------
752 [main] ERROR net.serenitybdd.core.Serenity - TEST FAILED AT STEP Getting the User information with name: PrimUser99136
752 [main] ERROR net.serenitybdd.core.Serenity - baseURI cannot be null
754 [main] INFO net.serenitybdd.core.Serenity - 
 _____ _____ ____ _____   ____ _____  _    ____ _____ _____ ____  
|_   _| ____/ ___|_   _| / ___|_   _|/ \  |  _ \_   _| ____|  _ \ 
  | | |  _| \___ \ | |   \___ \ | | / _ \ | |_) || | |  _| | | | |
  | | | |___ ___) || |    ___) || |/ ___ \|  _ < | | | |___| |_| |
  |_| |_____|____/ |_|   |____/ |_/_/   \_\_| \_\|_| |_____|____/ 
                                                                  

TEST STARTED: test003
-------------------------------------------------------------------
754 [main] INFO net.serenitybdd.core.Serenity - TEST NUMBER: 3
]]></system-err>
  </testcase>
  <testcase name="test004" classname="com.gorest.studentinfo.UsersCURDTestWithSteps" time="0.004">
    <error type="java.lang.NullPointerException:">java.lang.NullPointerException: null
	at com.gorest.studentinfo.UsersCURDTestWithSteps.test004(UsersCURDTestWithSteps.java:72)
</error>
    <system-err><![CDATA[759 [main] ERROR net.serenitybdd.core.Serenity - 
           __  _____ _____ ____ _____   _____ _    ___ _     _____ ____  
  _       / / |_   _| ____/ ___|_   _| |  ___/ \  |_ _| |   | ____|  _ \ 
 (_)_____| |    | | |  _| \___ \ | |   | |_ / _ \  | || |   |  _| | | | |
  _|_____| |    | | | |___ ___) || |   |  _/ ___ \ | || |___| |___| |_| |
 (_)     | |    |_| |_____|____/ |_|   |_|/_/   \_\___|_____|_____|____/ 
          \_\                                                            

TEST FAILED WITH ERROR: Update the user information and verify the updated information
---------------------------------------------------------------------
760 [main] ERROR net.serenitybdd.core.Serenity - TEST FAILED AT STEP Updating user information with name: 31343xyz@gmail.com, email:PrimUser99136_updated,gender:active,status:0
760 [main] ERROR net.serenitybdd.core.Serenity - baseURI cannot be null
761 [main] INFO net.serenitybdd.core.Serenity - 
 _____ _____ ____ _____   ____ _____  _    ____ _____ _____ ____  
|_   _| ____/ ___|_   _| / ___|_   _|/ \  |  _ \_   _| ____|  _ \ 
  | | |  _| \___ \ | |   \___ \ | | / _ \ | |_) || | |  _| | | | |
  | | | |___ ___) || |    ___) || |/ ___ \|  _ < | | | |___| |_| |
  |_| |_____|____/ |_|   |____/ |_/_/   \_\_| \_\|_| |_____|____/ 
                                                                  

TEST STARTED: test004
-------------------------------------------------------------------
762 [main] INFO net.serenitybdd.core.Serenity - TEST NUMBER: 4
]]></system-err>
  </testcase>
</testsuite>