<?xml version="1.0" encoding="UTF-8"?><testsuite errors="4" failures="0" name="com.gorest.studentinfo.UsersCURDTestWithSteps" skipped="0" tests="4" time="0.2" timestamp="2023-01-04T00:31:26.104+05:30[Asia/Calcutta]"><testcase classname="com.gorest.studentinfo.UsersCURDTestWithSteps" name="This will create a new User"><error message="baseURI cannot be null" type="java.lang.IllegalArgumentException">baseURI cannot be null</error><system-err>baseURI cannot be null&#13;
io.restassured.internal.assertion.AssertParameter.notNull(AssertParameter.groovy:26)&#13;
io.restassured.internal.RequestSpecificationImpl.&lt;init&gt;(RequestSpecificationImpl.groovy:132)&#13;
io.restassured.RestAssured.createTestSpecification(RestAssured.java:1492)&#13;
io.restassured.RestAssured.given(RestAssured.java:711)&#13;
net.serenitybdd.rest.SerenityRest.given(SerenityRest.java:211)&#13;
com.gorest.studentinfo.UsersSteps.createUsers(UsersSteps.java:25)&#13;
com.gorest.studentinfo.UsersCURDTestWithSteps.test001(UsersCURDTestWithSteps.java:40)&#13;
</system-err></testcase><testcase classname="com.gorest.studentinfo.UsersCURDTestWithSteps" name="Verify if the User was added to the application"><error message="baseURI cannot be null" type="java.lang.IllegalArgumentException">baseURI cannot be null</error><system-err>baseURI cannot be null&#13;
io.restassured.internal.assertion.AssertParameter.notNull(AssertParameter.groovy:26)&#13;
io.restassured.internal.RequestSpecificationImpl.&lt;init&gt;(RequestSpecificationImpl.groovy:132)&#13;
io.restassured.RestAssured.createTestSpecification(RestAssured.java:1492)&#13;
io.restassured.RestAssured.given(RestAssured.java:711)&#13;
net.serenitybdd.rest.SerenityRest.given(SerenityRest.java:211)&#13;
com.gorest.studentinfo.UsersSteps.getUserInfoByemail(UsersSteps.java:44)&#13;
com.gorest.studentinfo.UsersCURDTestWithSteps.test002(UsersCURDTestWithSteps.java:52)&#13;
</system-err></testcase><testcase classname="com.gorest.studentinfo.UsersCURDTestWithSteps" name="Update the user information and verify the updated information"><error message="baseURI cannot be null" type="java.lang.IllegalArgumentException">baseURI cannot be null</error><system-err>baseURI cannot be null&#13;
io.restassured.internal.assertion.AssertParameter.notNull(AssertParameter.groovy:26)&#13;
io.restassured.internal.RequestSpecificationImpl.&lt;init&gt;(RequestSpecificationImpl.groovy:132)&#13;
io.restassured.RestAssured.createTestSpecification(RestAssured.java:1492)&#13;
io.restassured.RestAssured.given(RestAssured.java:711)&#13;
net.serenitybdd.rest.SerenityRest.given(SerenityRest.java:211)&#13;
com.gorest.studentinfo.UsersSteps.updateUser(UsersSteps.java:64)&#13;
com.gorest.studentinfo.UsersCURDTestWithSteps.test003(UsersCURDTestWithSteps.java:62)&#13;
</system-err></testcase><testcase classname="com.gorest.studentinfo.UsersCURDTestWithSteps" name="Delete the student and verify if the student is deleted!"><error message="baseURI cannot be null" type="java.lang.IllegalArgumentException">baseURI cannot be null</error><system-err>baseURI cannot be null&#13;
io.restassured.internal.assertion.AssertParameter.notNull(AssertParameter.groovy:26)&#13;
io.restassured.internal.RequestSpecificationImpl.&lt;init&gt;(RequestSpecificationImpl.groovy:132)&#13;
io.restassured.RestAssured.createTestSpecification(RestAssured.java:1492)&#13;
io.restassured.RestAssured.given(RestAssured.java:711)&#13;
net.serenitybdd.rest.SerenityRest.given(SerenityRest.java:211)&#13;
com.gorest.studentinfo.UsersSteps.deleteuser(UsersSteps.java:77)&#13;
com.gorest.studentinfo.UsersCURDTestWithSteps.test004(UsersCURDTestWithSteps.java:72)&#13;
</system-err></testcase></testsuite>